<html>
<head>
<title>TestNG:  Test</title>
<link href="../testng.css" rel="stylesheet" type="text/css" />
<link href="../my-testng.css" rel="stylesheet" type="text/css" />

<style type="text/css">
.log { display: none;} 
.stack-trace { display: none;} 
</style>
<script type="text/javascript">
<!--
function flip(e) {
  current = e.style.display;
  if (current == 'block') {
    e.style.display = 'none';
    return 0;
  }
  else {
    e.style.display = 'block';
    return 1;
  }
}

function toggleBox(szDivId, elem, msg1, msg2)
{
  var res = -1;  if (document.getElementById) {
    res = flip(document.getElementById(szDivId));
  }
  else if (document.all) {
    // this is the way old msie versions work
    res = flip(document.all[szDivId]);
  }
  if(elem) {
    if(res == 0) elem.innerHTML = msg1; else elem.innerHTML = msg2;
  }

}

function toggleAllBoxes() {
  if (document.getElementsByTagName) {
    d = document.getElementsByTagName('div');
    for (i = 0; i < d.length; i++) {
      if (d[i].className == 'log') {
        flip(d[i]);
      }
    }
  }
}

// -->
</script>

</head>
<body>
<h2 align='center'>Test</h2><table border='1' align="center">
<tr>
<td>Tests passed/Failed/Skipped:</td><td>4/0/11</td>
</tr><tr>
<td>Started on:</td><td>Wed Oct 25 07:30:05 EDT 2017</td>
</tr>
<tr><td>Total time:</td><td>17 seconds (17222 ms)</td>
</tr><tr>
<td>Included groups:</td><td></td>
</tr><tr>
<td>Excluded groups:</td><td></td>
</tr>
</table><p/>
<small><i>(Hover the method name to see the test class name)</i></small><p/>
<table width='100%' border='1' class='invocation-passed'>
<tr><td colspan='4' align='center'><b>PASSED TESTS</b></td></tr>
<tr><td><b>Test method</b></td>
<td width="30%"><b>Exception</b></td>
<td width="10%"><b>Time (seconds)</b></td>
<td><b>Instance</b></td>
</tr>
<tr>
<td title='com.test.automation.UIAutomation.tests.NewRequirementTest.SelectHeader()'><b>SelectHeader</b><br>Test class: com.test.automation.UIAutomation.tests.NewRequirementTest<br/>
<a href="#Output-533173186" onClick='toggleBox("Output-533173186", this, "Show output", "Hide output");'>Show output</a>

<a href="#Output-533173186" onClick="toggleAllBoxes();">Show all outputs</a>
<div class='log' id="Output-533173186">
<a href='D:\Java_Project\UIAutomation\Output\SUCCESS_SelectHeader_25_10_2017_07_30_16.png'> <img src='D:\Java_Project\UIAutomation\Output\SUCCESS_SelectHeader_25_10_2017_07_30_16.png' height='100' width='100'/> </a><br/>
</div>
</td>
<td></td>
<td>2</td>
<td>com.test.automation.UIAutomation.tests.NewRequirementTest@3b938003</td></tr>
<tr>
<td title='com.test.automation.UIAutomation.tests.NewRequirementTest.fillRequirement()'><b>fillRequirement</b><br>Test class: com.test.automation.UIAutomation.tests.NewRequirementTest<br>Parameters: RIPL-India_QA1, QA1, Full Time, Authorized to work in India, Immediate, BANA, Moderate, Open, 10, false, 01/03/2017, 01/03/2017, 01/03/2017, 1, 1, Rangam1, Andhra Pradesh, Kakinada, 390007, 08:00AM, 05:30PM, 9, 01/03/2017, 01/03/2017, Kedar B., Yogesh Solanki, true, true, Admin, Rangam Infotech Pvt Ltd., 10, 10, Monthly, Juhi Maheshwari, Software Tester,QA Engineer,QA Automation,Automation Testing,Performance Testing, Software Tester, QA Engineer, QA Automation, Automation Testing, subject1, y<br/>
<a href="#Output-2077662850" onClick='toggleBox("Output-2077662850", this, "Show output", "Hide output");'>Show output</a>

<a href="#Output-2077662850" onClick="toggleAllBoxes();">Show all outputs</a>
<div class='log' id="Output-2077662850">
<a href='D:\Java_Project\UIAutomation\Output\SUCCESS_fillRequirement_25_10_2017_07_30_18.png'> <img src='D:\Java_Project\UIAutomation\Output\SUCCESS_fillRequirement_25_10_2017_07_30_18.png' height='100' width='100'/> </a><br/>
</div>
</td>
<td></td>
<td>1</td>
<td>com.test.automation.UIAutomation.tests.NewRequirementTest@3b938003</td></tr>
<tr>
<td title='com.test.automation.UIAutomation.tests.NewRequirementTest.login()'><b>login</b><br>Test class: com.test.automation.UIAutomation.tests.NewRequirementTest<br>Parameters: yogeshsolanki@Rangam.com, rangam@123, y<br/>
<a href="#Output-710220387" onClick='toggleBox("Output-710220387", this, "Show output", "Hide output");'>Show output</a>

<a href="#Output-710220387" onClick="toggleAllBoxes();">Show all outputs</a>
<div class='log' id="Output-710220387">
<a href='D:\Java_Project\UIAutomation\Output\SUCCESS_login_25_10_2017_07_30_13.png'> <img src='D:\Java_Project\UIAutomation\Output\SUCCESS_login_25_10_2017_07_30_13.png' height='100' width='100'/> </a><br/>
</div>
</td>
<td></td>
<td>3</td>
<td>com.test.automation.UIAutomation.tests.NewRequirementTest@3b938003</td></tr>
<tr>
<td title='com.test.automation.UIAutomation.tests.NewRequirementTest.logout()'><b>logout</b><br>Test class: com.test.automation.UIAutomation.tests.NewRequirementTest<br/>
<a href="#Output-2008229299" onClick='toggleBox("Output-2008229299", this, "Show output", "Hide output");'>Show output</a>

<a href="#Output-2008229299" onClick="toggleAllBoxes();">Show all outputs</a>
<div class='log' id="Output-2008229299">
<a href='D:\Java_Project\UIAutomation\Output\SUCCESS_logout_25_10_2017_07_30_22.png'> <img src='D:\Java_Project\UIAutomation\Output\SUCCESS_logout_25_10_2017_07_30_22.png' height='100' width='100'/> </a><br/>
</div>
</td>
<td></td>
<td>0</td>
<td>com.test.automation.UIAutomation.tests.NewRequirementTest@3b938003</td></tr>
</table><p>
<table width='100%' border='1' class='invocation-skipped'>
<tr><td colspan='4' align='center'><b>SKIPPED TESTS</b></td></tr>
<tr><td><b>Test method</b></td>
<td width="30%"><b>Exception</b></td>
<td width="10%"><b>Time (seconds)</b></td>
<td><b>Instance</b></td>
</tr>
<tr>
<td title='com.test.automation.UIAutomation.tests.NewRequirementTest.fillOtheLocation()'><b>fillOtheLocation</b><br>Test class: com.test.automation.UIAutomation.tests.NewRequirementTest</td>
<td><div><pre>java.lang.Throwable: Method NewRequirementTest.fillOtheLocation()[pri:0, instance:com.test.automation.UIAutomation.tests.NewRequirementTest@3b938003] depends on not successfully finished methods
... Removed 19 stack frames</pre></div><a href='#' onClick='toggleBox("stack-trace1638249646", this, "Click to show all stack frames", "Click to hide stack frames")'>Click to show all stack frames</a>
<div class='stack-trace' id='stack-trace1638249646'><pre>java.lang.Throwable: Method NewRequirementTest.fillOtheLocation()[pri:0, instance:com.test.automation.UIAutomation.tests.NewRequirementTest@3b938003] depends on not successfully finished methods
	at org.testng.internal.Invoker.invokeTestMethods(Invoker.java:1068)
	at org.testng.internal.TestMethodWorker.invokeTestMethods(TestMethodWorker.java:129)
	at org.testng.internal.TestMethodWorker.run(TestMethodWorker.java:112)
	at org.testng.TestRunner.privateRun(TestRunner.java:756)
	at org.testng.TestRunner.run(TestRunner.java:610)
	at org.testng.SuiteRunner.runTest(SuiteRunner.java:387)
	at org.testng.SuiteRunner.runSequentially(SuiteRunner.java:382)
	at org.testng.SuiteRunner.privateRun(SuiteRunner.java:340)
	at org.testng.SuiteRunner.run(SuiteRunner.java:289)
	at org.testng.SuiteRunnerWorker.runSuite(SuiteRunnerWorker.java:52)
	at org.testng.SuiteRunnerWorker.run(SuiteRunnerWorker.java:86)
	at org.testng.TestNG.runSuitesSequentially(TestNG.java:1293)
	at org.testng.TestNG.runSuitesSequentially(TestNG.java:1289)
	at org.testng.TestNG.runSuitesLocally(TestNG.java:1218)
	at org.testng.TestNG.runSuites(TestNG.java:1133)
	at org.testng.TestNG.run(TestNG.java:1104)
	at org.testng.remote.AbstractRemoteTestNG.run(AbstractRemoteTestNG.java:126)
	at org.testng.remote.RemoteTestNG.initAndRun(RemoteTestNG.java:152)
	at org.testng.remote.RemoteTestNG.main(RemoteTestNG.java:57)
</pre></div></td>
<td>0</td>
<td>null</td></tr>
<tr>
<td title='com.test.automation.UIAutomation.tests.NewRequirementTest.fillRequirement()'><b>fillRequirement</b><br>Test class: com.test.automation.UIAutomation.tests.NewRequirementTest<br>Parameters: RIPL-India_QA2, QA2, Contract, Authorized to work in India, 15-20 Days, DSPML, Niche, On Hold, 20, false, 01/03/2017, 01/03/2017, 01/03/2017, 2, 2, Rangam2, Assam, Guwahati, 390007, 08:00AM, 05:30PM, 9, 01/03/2017, 01/03/2017, Kedar B., Yogesh Solanki, true, true, Clinical/Scientific, Bank Of America, 10, 10, Monthly, Juhi Maheshwari, Software Tester,QA Engineer,QA Automation,Automation Testing,Performance Testing, Software Tester, QA Engineer, QA Automation, Automation Testing, subject2, n<br/>
<a href="#Output-984567559" onClick='toggleBox("Output-984567559", this, "Show output", "Hide output");'>Show output</a>

<a href="#Output-984567559" onClick="toggleAllBoxes();">Show all outputs</a>
<div class='log' id="Output-984567559">
<a href='D:\Java_Project\UIAutomation\Output\SKIPPED_fillRequirement_25_10_2017_07_30_18.png'> <img src='D:\Java_Project\UIAutomation\Output\SKIPPED_fillRequirement_25_10_2017_07_30_18.png' height='100' width='100'/> </a><br/>
</div>
</td>
<td><div><pre>org.testng.SkipException: Skipping this exception
	at com.test.automation.UIAutomation.tests.NewRequirementTest.fillRequirement(NewRequirementTest.java:104)
... Removed 26 stack frames</pre></div><a href='#' onClick='toggleBox("stack-trace984567559", this, "Click to show all stack frames", "Click to hide stack frames")'>Click to show all stack frames</a>
<div class='stack-trace' id='stack-trace984567559'><pre>org.testng.SkipException: Skipping this exception
	at com.test.automation.UIAutomation.tests.NewRequirementTest.fillRequirement(NewRequirementTest.java:104)
	at sun.reflect.NativeMethodAccessorImpl.invoke0(Native Method)
	at sun.reflect.NativeMethodAccessorImpl.invoke(NativeMethodAccessorImpl.java:62)
	at sun.reflect.DelegatingMethodAccessorImpl.invoke(DelegatingMethodAccessorImpl.java:43)
	at java.lang.reflect.Method.invoke(Method.java:498)
	at org.testng.internal.MethodInvocationHelper.invokeMethod(MethodInvocationHelper.java:104)
	at org.testng.internal.Invoker.invokeMethod(Invoker.java:645)
	at org.testng.internal.Invoker.invokeTestMethod(Invoker.java:851)
	at org.testng.internal.Invoker.invokeTestMethods(Invoker.java:1177)
	at org.testng.internal.TestMethodWorker.invokeTestMethods(TestMethodWorker.java:129)
	at org.testng.internal.TestMethodWorker.run(TestMethodWorker.java:112)
	at org.testng.TestRunner.privateRun(TestRunner.java:756)
	at org.testng.TestRunner.run(TestRunner.java:610)
	at org.testng.SuiteRunner.runTest(SuiteRunner.java:387)
	at org.testng.SuiteRunner.runSequentially(SuiteRunner.java:382)
	at org.testng.SuiteRunner.privateRun(SuiteRunner.java:340)
	at org.testng.SuiteRunner.run(SuiteRunner.java:289)
	at org.testng.SuiteRunnerWorker.runSuite(SuiteRunnerWorker.java:52)
	at org.testng.SuiteRunnerWorker.run(SuiteRunnerWorker.java:86)
	at org.testng.TestNG.runSuitesSequentially(TestNG.java:1293)
	at org.testng.TestNG.runSuitesSequentially(TestNG.java:1289)
	at org.testng.TestNG.runSuitesLocally(TestNG.java:1218)
	at org.testng.TestNG.runSuites(TestNG.java:1133)
	at org.testng.TestNG.run(TestNG.java:1104)
	at org.testng.remote.AbstractRemoteTestNG.run(AbstractRemoteTestNG.java:126)
	at org.testng.remote.RemoteTestNG.initAndRun(RemoteTestNG.java:152)
	at org.testng.remote.RemoteTestNG.main(RemoteTestNG.java:57)
</pre></div></td>
<td>0</td>
<td>com.test.automation.UIAutomation.tests.NewRequirementTest@3b938003</td></tr>
<tr>
<td title='com.test.automation.UIAutomation.tests.NewRequirementTest.fillRequirement()'><b>fillRequirement</b><br>Test class: com.test.automation.UIAutomation.tests.NewRequirementTest<br>Parameters: RIPL-India_QA3, QA3, Full Time, Authorized to work in India, 30 Days, BANA, Vanilla, Closed, 30, false, 01/03/2017, 01/03/2017, 01/03/2017, 3, 3, Rangam3, Bihar, Patna, 390007, 08:00AM, 05:30PM, 9, 01/03/2017, 01/03/2017, Kedar B., Yogesh Solanki, true, true, Health Care, Bank Of America, 10, 10, Monthly, Juhi Maheshwari, Software Tester,QA Engineer,QA Automation,Automation Testing,Performance Testing, Software Tester, QA Engineer, QA Automation, Automation Testing, subject3, n<br/>
<a href="#Output-1121891386" onClick='toggleBox("Output-1121891386", this, "Show output", "Hide output");'>Show output</a>

<a href="#Output-1121891386" onClick="toggleAllBoxes();">Show all outputs</a>
<div class='log' id="Output-1121891386">
<a href='D:\Java_Project\UIAutomation\Output\SKIPPED_fillRequirement_25_10_2017_07_30_19.png'> <img src='D:\Java_Project\UIAutomation\Output\SKIPPED_fillRequirement_25_10_2017_07_30_19.png' height='100' width='100'/> </a><br/>
</div>
</td>
<td><div><pre>org.testng.SkipException: Skipping this exception
	at com.test.automation.UIAutomation.tests.NewRequirementTest.fillRequirement(NewRequirementTest.java:104)
... Removed 26 stack frames</pre></div><a href='#' onClick='toggleBox("stack-trace1121891386", this, "Click to show all stack frames", "Click to hide stack frames")'>Click to show all stack frames</a>
<div class='stack-trace' id='stack-trace1121891386'><pre>org.testng.SkipException: Skipping this exception
	at com.test.automation.UIAutomation.tests.NewRequirementTest.fillRequirement(NewRequirementTest.java:104)
	at sun.reflect.NativeMethodAccessorImpl.invoke0(Native Method)
	at sun.reflect.NativeMethodAccessorImpl.invoke(NativeMethodAccessorImpl.java:62)
	at sun.reflect.DelegatingMethodAccessorImpl.invoke(DelegatingMethodAccessorImpl.java:43)
	at java.lang.reflect.Method.invoke(Method.java:498)
	at org.testng.internal.MethodInvocationHelper.invokeMethod(MethodInvocationHelper.java:104)
	at org.testng.internal.Invoker.invokeMethod(Invoker.java:645)
	at org.testng.internal.Invoker.invokeTestMethod(Invoker.java:851)
	at org.testng.internal.Invoker.invokeTestMethods(Invoker.java:1177)
	at org.testng.internal.TestMethodWorker.invokeTestMethods(TestMethodWorker.java:129)
	at org.testng.internal.TestMethodWorker.run(TestMethodWorker.java:112)
	at org.testng.TestRunner.privateRun(TestRunner.java:756)
	at org.testng.TestRunner.run(TestRunner.java:610)
	at org.testng.SuiteRunner.runTest(SuiteRunner.java:387)
	at org.testng.SuiteRunner.runSequentially(SuiteRunner.java:382)
	at org.testng.SuiteRunner.privateRun(SuiteRunner.java:340)
	at org.testng.SuiteRunner.run(SuiteRunner.java:289)
	at org.testng.SuiteRunnerWorker.runSuite(SuiteRunnerWorker.java:52)
	at org.testng.SuiteRunnerWorker.run(SuiteRunnerWorker.java:86)
	at org.testng.TestNG.runSuitesSequentially(TestNG.java:1293)
	at org.testng.TestNG.runSuitesSequentially(TestNG.java:1289)
	at org.testng.TestNG.runSuitesLocally(TestNG.java:1218)
	at org.testng.TestNG.runSuites(TestNG.java:1133)
	at org.testng.TestNG.run(TestNG.java:1104)
	at org.testng.remote.AbstractRemoteTestNG.run(AbstractRemoteTestNG.java:126)
	at org.testng.remote.RemoteTestNG.initAndRun(RemoteTestNG.java:152)
	at org.testng.remote.RemoteTestNG.main(RemoteTestNG.java:57)
</pre></div></td>
<td>0</td>
<td>com.test.automation.UIAutomation.tests.NewRequirementTest@3b938003</td></tr>
<tr>
<td title='com.test.automation.UIAutomation.tests.NewRequirementTest.fillRequirement()'><b>fillRequirement</b><br>Test class: com.test.automation.UIAutomation.tests.NewRequirementTest<br>Parameters: RIPL-India_QA4, QA4, Contract, Authorized to work in India, 45 Days, DSPML, Moderate, Filled, 40, false, 01/03/2017, 01/03/2017, 01/03/2017, 4, 4, Rangam4, Chandigarh union territory, Chandigarh, 390007, 08:00AM, 05:30PM, 9, 01/03/2017, 01/03/2017, Kedar B., Yogesh Solanki, true, true, IT, Bank Of America, 10, 10, Monthly, Juhi Maheshwari, Software Tester,QA Engineer,QA Automation,Automation Testing,Performance Testing, Software Tester, QA Engineer, QA Automation, Automation Testing, subject4, n<br/>
<a href="#Output-2045913001" onClick='toggleBox("Output-2045913001", this, "Show output", "Hide output");'>Show output</a>

<a href="#Output-2045913001" onClick="toggleAllBoxes();">Show all outputs</a>
<div class='log' id="Output-2045913001">
<a href='D:\Java_Project\UIAutomation\Output\SKIPPED_fillRequirement_25_10_2017_07_30_19.png'> <img src='D:\Java_Project\UIAutomation\Output\SKIPPED_fillRequirement_25_10_2017_07_30_19.png' height='100' width='100'/> </a><br/>
</div>
</td>
<td><div><pre>org.testng.SkipException: Skipping this exception
	at com.test.automation.UIAutomation.tests.NewRequirementTest.fillRequirement(NewRequirementTest.java:104)
... Removed 26 stack frames</pre></div><a href='#' onClick='toggleBox("stack-trace2045913001", this, "Click to show all stack frames", "Click to hide stack frames")'>Click to show all stack frames</a>
<div class='stack-trace' id='stack-trace2045913001'><pre>org.testng.SkipException: Skipping this exception
	at com.test.automation.UIAutomation.tests.NewRequirementTest.fillRequirement(NewRequirementTest.java:104)
	at sun.reflect.NativeMethodAccessorImpl.invoke0(Native Method)
	at sun.reflect.NativeMethodAccessorImpl.invoke(NativeMethodAccessorImpl.java:62)
	at sun.reflect.DelegatingMethodAccessorImpl.invoke(DelegatingMethodAccessorImpl.java:43)
	at java.lang.reflect.Method.invoke(Method.java:498)
	at org.testng.internal.MethodInvocationHelper.invokeMethod(MethodInvocationHelper.java:104)
	at org.testng.internal.Invoker.invokeMethod(Invoker.java:645)
	at org.testng.internal.Invoker.invokeTestMethod(Invoker.java:851)
	at org.testng.internal.Invoker.invokeTestMethods(Invoker.java:1177)
	at org.testng.internal.TestMethodWorker.invokeTestMethods(TestMethodWorker.java:129)
	at org.testng.internal.TestMethodWorker.run(TestMethodWorker.java:112)
	at org.testng.TestRunner.privateRun(TestRunner.java:756)
	at org.testng.TestRunner.run(TestRunner.java:610)
	at org.testng.SuiteRunner.runTest(SuiteRunner.java:387)
	at org.testng.SuiteRunner.runSequentially(SuiteRunner.java:382)
	at org.testng.SuiteRunner.privateRun(SuiteRunner.java:340)
	at org.testng.SuiteRunner.run(SuiteRunner.java:289)
	at org.testng.SuiteRunnerWorker.runSuite(SuiteRunnerWorker.java:52)
	at org.testng.SuiteRunnerWorker.run(SuiteRunnerWorker.java:86)
	at org.testng.TestNG.runSuitesSequentially(TestNG.java:1293)
	at org.testng.TestNG.runSuitesSequentially(TestNG.java:1289)
	at org.testng.TestNG.runSuitesLocally(TestNG.java:1218)
	at org.testng.TestNG.runSuites(TestNG.java:1133)
	at org.testng.TestNG.run(TestNG.java:1104)
	at org.testng.remote.AbstractRemoteTestNG.run(AbstractRemoteTestNG.java:126)
	at org.testng.remote.RemoteTestNG.initAndRun(RemoteTestNG.java:152)
	at org.testng.remote.RemoteTestNG.main(RemoteTestNG.java:57)
</pre></div></td>
<td>0</td>
<td>com.test.automation.UIAutomation.tests.NewRequirementTest@3b938003</td></tr>
<tr>
<td title='com.test.automation.UIAutomation.tests.NewRequirementTest.fillRequirement()'><b>fillRequirement</b><br>Test class: com.test.automation.UIAutomation.tests.NewRequirementTest<br>Parameters: RIPL-India_QA5, QA5, Full Time, Authorized to work in India, 60 Days, BANA, Niche, Cancelled, 50, false, 01/03/2017, 01/03/2017, 01/03/2017, 5, 5, Rangam5, Gujarat, Ahmedabad, 390007, 08:00AM, 05:30PM, 9, 01/03/2017, 01/03/2017, Kedar B., Yogesh Solanki, true, true, Labor, Bank Of America, 10, 10, Monthly, Juhi Maheshwari, Software Tester,QA Engineer,QA Automation,Automation Testing,Performance Testing, Software Tester, QA Engineer, QA Automation, Automation Testing, subject5, n<br/>
<a href="#Output-1637601612" onClick='toggleBox("Output-1637601612", this, "Show output", "Hide output");'>Show output</a>

<a href="#Output-1637601612" onClick="toggleAllBoxes();">Show all outputs</a>
<div class='log' id="Output-1637601612">
<a href='D:\Java_Project\UIAutomation\Output\SKIPPED_fillRequirement_25_10_2017_07_30_19.png'> <img src='D:\Java_Project\UIAutomation\Output\SKIPPED_fillRequirement_25_10_2017_07_30_19.png' height='100' width='100'/> </a><br/>
</div>
</td>
<td><div><pre>org.testng.SkipException: Skipping this exception
	at com.test.automation.UIAutomation.tests.NewRequirementTest.fillRequirement(NewRequirementTest.java:104)
... Removed 26 stack frames</pre></div><a href='#' onClick='toggleBox("stack-trace1637601612", this, "Click to show all stack frames", "Click to hide stack frames")'>Click to show all stack frames</a>
<div class='stack-trace' id='stack-trace1637601612'><pre>org.testng.SkipException: Skipping this exception
	at com.test.automation.UIAutomation.tests.NewRequirementTest.fillRequirement(NewRequirementTest.java:104)
	at sun.reflect.NativeMethodAccessorImpl.invoke0(Native Method)
	at sun.reflect.NativeMethodAccessorImpl.invoke(NativeMethodAccessorImpl.java:62)
	at sun.reflect.DelegatingMethodAccessorImpl.invoke(DelegatingMethodAccessorImpl.java:43)
	at java.lang.reflect.Method.invoke(Method.java:498)
	at org.testng.internal.MethodInvocationHelper.invokeMethod(MethodInvocationHelper.java:104)
	at org.testng.internal.Invoker.invokeMethod(Invoker.java:645)
	at org.testng.internal.Invoker.invokeTestMethod(Invoker.java:851)
	at org.testng.internal.Invoker.invokeTestMethods(Invoker.java:1177)
	at org.testng.internal.TestMethodWorker.invokeTestMethods(TestMethodWorker.java:129)
	at org.testng.internal.TestMethodWorker.run(TestMethodWorker.java:112)
	at org.testng.TestRunner.privateRun(TestRunner.java:756)
	at org.testng.TestRunner.run(TestRunner.java:610)
	at org.testng.SuiteRunner.runTest(SuiteRunner.java:387)
	at org.testng.SuiteRunner.runSequentially(SuiteRunner.java:382)
	at org.testng.SuiteRunner.privateRun(SuiteRunner.java:340)
	at org.testng.SuiteRunner.run(SuiteRunner.java:289)
	at org.testng.SuiteRunnerWorker.runSuite(SuiteRunnerWorker.java:52)
	at org.testng.SuiteRunnerWorker.run(SuiteRunnerWorker.java:86)
	at org.testng.TestNG.runSuitesSequentially(TestNG.java:1293)
	at org.testng.TestNG.runSuitesSequentially(TestNG.java:1289)
	at org.testng.TestNG.runSuitesLocally(TestNG.java:1218)
	at org.testng.TestNG.runSuites(TestNG.java:1133)
	at org.testng.TestNG.run(TestNG.java:1104)
	at org.testng.remote.AbstractRemoteTestNG.run(AbstractRemoteTestNG.java:126)
	at org.testng.remote.RemoteTestNG.initAndRun(RemoteTestNG.java:152)
	at org.testng.remote.RemoteTestNG.main(RemoteTestNG.java:57)
</pre></div></td>
<td>0</td>
<td>com.test.automation.UIAutomation.tests.NewRequirementTest@3b938003</td></tr>
<tr>
<td title='com.test.automation.UIAutomation.tests.NewRequirementTest.fillRequirement()'><b>fillRequirement</b><br>Test class: com.test.automation.UIAutomation.tests.NewRequirementTest<br>Parameters: RIPL-India_QA6, QA6, Contract, Authorized to work in India, 90 Days, DSPML, Vanilla, Open/Slot Over, 60, false, 01/03/2017, 01/03/2017, 01/03/2017, 6, 6, Rangam6, Andhra Pradesh, Kakinada, 390007, 08:00AM, 05:30PM, 9, 01/03/2017, 01/03/2017, Kedar B., Yogesh Solanki, true, true, NON-IT(finance/engr/real estate), Bank Of America, 10, 10, Monthly, Juhi Maheshwari, Software Tester,QA Engineer,QA Automation,Automation Testing,Performance Testing, Software Tester, QA Engineer, QA Automation, Automation Testing, subject6, n<br/>
<a href="#Output-1855734078" onClick='toggleBox("Output-1855734078", this, "Show output", "Hide output");'>Show output</a>

<a href="#Output-1855734078" onClick="toggleAllBoxes();">Show all outputs</a>
<div class='log' id="Output-1855734078">
<a href='D:\Java_Project\UIAutomation\Output\SKIPPED_fillRequirement_25_10_2017_07_30_20.png'> <img src='D:\Java_Project\UIAutomation\Output\SKIPPED_fillRequirement_25_10_2017_07_30_20.png' height='100' width='100'/> </a><br/>
</div>
</td>
<td><div><pre>org.testng.SkipException: Skipping this exception
	at com.test.automation.UIAutomation.tests.NewRequirementTest.fillRequirement(NewRequirementTest.java:104)
... Removed 26 stack frames</pre></div><a href='#' onClick='toggleBox("stack-trace1855734078", this, "Click to show all stack frames", "Click to hide stack frames")'>Click to show all stack frames</a>
<div class='stack-trace' id='stack-trace1855734078'><pre>org.testng.SkipException: Skipping this exception
	at com.test.automation.UIAutomation.tests.NewRequirementTest.fillRequirement(NewRequirementTest.java:104)
	at sun.reflect.NativeMethodAccessorImpl.invoke0(Native Method)
	at sun.reflect.NativeMethodAccessorImpl.invoke(NativeMethodAccessorImpl.java:62)
	at sun.reflect.DelegatingMethodAccessorImpl.invoke(DelegatingMethodAccessorImpl.java:43)
	at java.lang.reflect.Method.invoke(Method.java:498)
	at org.testng.internal.MethodInvocationHelper.invokeMethod(MethodInvocationHelper.java:104)
	at org.testng.internal.Invoker.invokeMethod(Invoker.java:645)
	at org.testng.internal.Invoker.invokeTestMethod(Invoker.java:851)
	at org.testng.internal.Invoker.invokeTestMethods(Invoker.java:1177)
	at org.testng.internal.TestMethodWorker.invokeTestMethods(TestMethodWorker.java:129)
	at org.testng.internal.TestMethodWorker.run(TestMethodWorker.java:112)
	at org.testng.TestRunner.privateRun(TestRunner.java:756)
	at org.testng.TestRunner.run(TestRunner.java:610)
	at org.testng.SuiteRunner.runTest(SuiteRunner.java:387)
	at org.testng.SuiteRunner.runSequentially(SuiteRunner.java:382)
	at org.testng.SuiteRunner.privateRun(SuiteRunner.java:340)
	at org.testng.SuiteRunner.run(SuiteRunner.java:289)
	at org.testng.SuiteRunnerWorker.runSuite(SuiteRunnerWorker.java:52)
	at org.testng.SuiteRunnerWorker.run(SuiteRunnerWorker.java:86)
	at org.testng.TestNG.runSuitesSequentially(TestNG.java:1293)
	at org.testng.TestNG.runSuitesSequentially(TestNG.java:1289)
	at org.testng.TestNG.runSuitesLocally(TestNG.java:1218)
	at org.testng.TestNG.runSuites(TestNG.java:1133)
	at org.testng.TestNG.run(TestNG.java:1104)
	at org.testng.remote.AbstractRemoteTestNG.run(AbstractRemoteTestNG.java:126)
	at org.testng.remote.RemoteTestNG.initAndRun(RemoteTestNG.java:152)
	at org.testng.remote.RemoteTestNG.main(RemoteTestNG.java:57)
</pre></div></td>
<td>0</td>
<td>com.test.automation.UIAutomation.tests.NewRequirementTest@3b938003</td></tr>
<tr>
<td title='com.test.automation.UIAutomation.tests.NewRequirementTest.fillRequirement()'><b>fillRequirement</b><br>Test class: com.test.automation.UIAutomation.tests.NewRequirementTest<br>Parameters: RIPL-India_QA7, QA7, Full Time, Authorized to work in India, Immediate, BANA, Moderate, Open, 70, false, 01/03/2017, 01/03/2017, 01/03/2017, 7, 7, Rangam7, Assam, Guwahati, 390007, 08:00AM, 05:30PM, 9, 01/03/2017, 01/03/2017, Kedar B., Yogesh Solanki, true, true, Other, Bank Of America, 10, 10, Monthly, Juhi Maheshwari, Software Tester,QA Engineer,QA Automation,Automation Testing,Performance Testing, Software Tester, QA Engineer, QA Automation, Automation Testing, subject7, n<br/>
<a href="#Output-1895054149" onClick='toggleBox("Output-1895054149", this, "Show output", "Hide output");'>Show output</a>

<a href="#Output-1895054149" onClick="toggleAllBoxes();">Show all outputs</a>
<div class='log' id="Output-1895054149">
<a href='D:\Java_Project\UIAutomation\Output\SKIPPED_fillRequirement_25_10_2017_07_30_20.png'> <img src='D:\Java_Project\UIAutomation\Output\SKIPPED_fillRequirement_25_10_2017_07_30_20.png' height='100' width='100'/> </a><br/>
</div>
</td>
<td><div><pre>org.testng.SkipException: Skipping this exception
	at com.test.automation.UIAutomation.tests.NewRequirementTest.fillRequirement(NewRequirementTest.java:104)
... Removed 26 stack frames</pre></div><a href='#' onClick='toggleBox("stack-trace1895054149", this, "Click to show all stack frames", "Click to hide stack frames")'>Click to show all stack frames</a>
<div class='stack-trace' id='stack-trace1895054149'><pre>org.testng.SkipException: Skipping this exception
	at com.test.automation.UIAutomation.tests.NewRequirementTest.fillRequirement(NewRequirementTest.java:104)
	at sun.reflect.NativeMethodAccessorImpl.invoke0(Native Method)
	at sun.reflect.NativeMethodAccessorImpl.invoke(NativeMethodAccessorImpl.java:62)
	at sun.reflect.DelegatingMethodAccessorImpl.invoke(DelegatingMethodAccessorImpl.java:43)
	at java.lang.reflect.Method.invoke(Method.java:498)
	at org.testng.internal.MethodInvocationHelper.invokeMethod(MethodInvocationHelper.java:104)
	at org.testng.internal.Invoker.invokeMethod(Invoker.java:645)
	at org.testng.internal.Invoker.invokeTestMethod(Invoker.java:851)
	at org.testng.internal.Invoker.invokeTestMethods(Invoker.java:1177)
	at org.testng.internal.TestMethodWorker.invokeTestMethods(TestMethodWorker.java:129)
	at org.testng.internal.TestMethodWorker.run(TestMethodWorker.java:112)
	at org.testng.TestRunner.privateRun(TestRunner.java:756)
	at org.testng.TestRunner.run(TestRunner.java:610)
	at org.testng.SuiteRunner.runTest(SuiteRunner.java:387)
	at org.testng.SuiteRunner.runSequentially(SuiteRunner.java:382)
	at org.testng.SuiteRunner.privateRun(SuiteRunner.java:340)
	at org.testng.SuiteRunner.run(SuiteRunner.java:289)
	at org.testng.SuiteRunnerWorker.runSuite(SuiteRunnerWorker.java:52)
	at org.testng.SuiteRunnerWorker.run(SuiteRunnerWorker.java:86)
	at org.testng.TestNG.runSuitesSequentially(TestNG.java:1293)
	at org.testng.TestNG.runSuitesSequentially(TestNG.java:1289)
	at org.testng.TestNG.runSuitesLocally(TestNG.java:1218)
	at org.testng.TestNG.runSuites(TestNG.java:1133)
	at org.testng.TestNG.run(TestNG.java:1104)
	at org.testng.remote.AbstractRemoteTestNG.run(AbstractRemoteTestNG.java:126)
	at org.testng.remote.RemoteTestNG.initAndRun(RemoteTestNG.java:152)
	at org.testng.remote.RemoteTestNG.main(RemoteTestNG.java:57)
</pre></div></td>
<td>0</td>
<td>com.test.automation.UIAutomation.tests.NewRequirementTest@3b938003</td></tr>
<tr>
<td title='com.test.automation.UIAutomation.tests.NewRequirementTest.fillRequirement()'><b>fillRequirement</b><br>Test class: com.test.automation.UIAutomation.tests.NewRequirementTest<br>Parameters: RIPL-India_QA8, QA8, Contract, Authorized to work in India, 15-20 Days, DSPML, Niche, On Hold, 80, false, 01/03/2017, 01/03/2017, 01/03/2017, 8, 8, Rangam8, Bihar, Patna, 390007, 08:00AM, 05:30PM, 9, 01/03/2017, 01/03/2017, Kedar B., Yogesh Solanki, true, true, Retail Sales, Bank Of America, 10, 10, Monthly, Juhi Maheshwari, Software Tester,QA Engineer,QA Automation,Automation Testing,Performance Testing, Software Tester, QA Engineer, QA Automation, Automation Testing, subject8, n<br/>
<a href="#Output-1048128739" onClick='toggleBox("Output-1048128739", this, "Show output", "Hide output");'>Show output</a>

<a href="#Output-1048128739" onClick="toggleAllBoxes();">Show all outputs</a>
<div class='log' id="Output-1048128739">
<a href='D:\Java_Project\UIAutomation\Output\SKIPPED_fillRequirement_25_10_2017_07_30_21.png'> <img src='D:\Java_Project\UIAutomation\Output\SKIPPED_fillRequirement_25_10_2017_07_30_21.png' height='100' width='100'/> </a><br/>
</div>
</td>
<td><div><pre>org.testng.SkipException: Skipping this exception
	at com.test.automation.UIAutomation.tests.NewRequirementTest.fillRequirement(NewRequirementTest.java:104)
... Removed 26 stack frames</pre></div><a href='#' onClick='toggleBox("stack-trace1048128739", this, "Click to show all stack frames", "Click to hide stack frames")'>Click to show all stack frames</a>
<div class='stack-trace' id='stack-trace1048128739'><pre>org.testng.SkipException: Skipping this exception
	at com.test.automation.UIAutomation.tests.NewRequirementTest.fillRequirement(NewRequirementTest.java:104)
	at sun.reflect.NativeMethodAccessorImpl.invoke0(Native Method)
	at sun.reflect.NativeMethodAccessorImpl.invoke(NativeMethodAccessorImpl.java:62)
	at sun.reflect.DelegatingMethodAccessorImpl.invoke(DelegatingMethodAccessorImpl.java:43)
	at java.lang.reflect.Method.invoke(Method.java:498)
	at org.testng.internal.MethodInvocationHelper.invokeMethod(MethodInvocationHelper.java:104)
	at org.testng.internal.Invoker.invokeMethod(Invoker.java:645)
	at org.testng.internal.Invoker.invokeTestMethod(Invoker.java:851)
	at org.testng.internal.Invoker.invokeTestMethods(Invoker.java:1177)
	at org.testng.internal.TestMethodWorker.invokeTestMethods(TestMethodWorker.java:129)
	at org.testng.internal.TestMethodWorker.run(TestMethodWorker.java:112)
	at org.testng.TestRunner.privateRun(TestRunner.java:756)
	at org.testng.TestRunner.run(TestRunner.java:610)
	at org.testng.SuiteRunner.runTest(SuiteRunner.java:387)
	at org.testng.SuiteRunner.runSequentially(SuiteRunner.java:382)
	at org.testng.SuiteRunner.privateRun(SuiteRunner.java:340)
	at org.testng.SuiteRunner.run(SuiteRunner.java:289)
	at org.testng.SuiteRunnerWorker.runSuite(SuiteRunnerWorker.java:52)
	at org.testng.SuiteRunnerWorker.run(SuiteRunnerWorker.java:86)
	at org.testng.TestNG.runSuitesSequentially(TestNG.java:1293)
	at org.testng.TestNG.runSuitesSequentially(TestNG.java:1289)
	at org.testng.TestNG.runSuitesLocally(TestNG.java:1218)
	at org.testng.TestNG.runSuites(TestNG.java:1133)
	at org.testng.TestNG.run(TestNG.java:1104)
	at org.testng.remote.AbstractRemoteTestNG.run(AbstractRemoteTestNG.java:126)
	at org.testng.remote.RemoteTestNG.initAndRun(RemoteTestNG.java:152)
	at org.testng.remote.RemoteTestNG.main(RemoteTestNG.java:57)
</pre></div></td>
<td>0</td>
<td>com.test.automation.UIAutomation.tests.NewRequirementTest@3b938003</td></tr>
<tr>
<td title='com.test.automation.UIAutomation.tests.NewRequirementTest.fillRequirement()'><b>fillRequirement</b><br>Test class: com.test.automation.UIAutomation.tests.NewRequirementTest<br>Parameters: RIPL-India_QA9, QA9, Full Time, Authorized to work in India, 30 Days, BANA, Vanilla, Closed, 90, false, 01/03/2017, 01/03/2017, 01/03/2017, 9, 9, Rangam9, Chandigarh union territory, Chandigarh, 390007, 08:00AM, 05:30PM, 9, 01/03/2017, 01/03/2017, Kedar B., Yogesh Solanki, true, true, Admin, Bank Of America, 10, 10, Monthly, Juhi Maheshwari, Software Tester,QA Engineer,QA Automation,Automation Testing,Performance Testing, Software Tester, QA Engineer, QA Automation, Automation Testing, subject9, n<br/>
<a href="#Output-426288284" onClick='toggleBox("Output-426288284", this, "Show output", "Hide output");'>Show output</a>

<a href="#Output-426288284" onClick="toggleAllBoxes();">Show all outputs</a>
<div class='log' id="Output-426288284">
<a href='D:\Java_Project\UIAutomation\Output\SKIPPED_fillRequirement_25_10_2017_07_30_21.png'> <img src='D:\Java_Project\UIAutomation\Output\SKIPPED_fillRequirement_25_10_2017_07_30_21.png' height='100' width='100'/> </a><br/>
</div>
</td>
<td><div><pre>org.testng.SkipException: Skipping this exception
	at com.test.automation.UIAutomation.tests.NewRequirementTest.fillRequirement(NewRequirementTest.java:104)
... Removed 26 stack frames</pre></div><a href='#' onClick='toggleBox("stack-trace426288284", this, "Click to show all stack frames", "Click to hide stack frames")'>Click to show all stack frames</a>
<div class='stack-trace' id='stack-trace426288284'><pre>org.testng.SkipException: Skipping this exception
	at com.test.automation.UIAutomation.tests.NewRequirementTest.fillRequirement(NewRequirementTest.java:104)
	at sun.reflect.NativeMethodAccessorImpl.invoke0(Native Method)
	at sun.reflect.NativeMethodAccessorImpl.invoke(NativeMethodAccessorImpl.java:62)
	at sun.reflect.DelegatingMethodAccessorImpl.invoke(DelegatingMethodAccessorImpl.java:43)
	at java.lang.reflect.Method.invoke(Method.java:498)
	at org.testng.internal.MethodInvocationHelper.invokeMethod(MethodInvocationHelper.java:104)
	at org.testng.internal.Invoker.invokeMethod(Invoker.java:645)
	at org.testng.internal.Invoker.invokeTestMethod(Invoker.java:851)
	at org.testng.internal.Invoker.invokeTestMethods(Invoker.java:1177)
	at org.testng.internal.TestMethodWorker.invokeTestMethods(TestMethodWorker.java:129)
	at org.testng.internal.TestMethodWorker.run(TestMethodWorker.java:112)
	at org.testng.TestRunner.privateRun(TestRunner.java:756)
	at org.testng.TestRunner.run(TestRunner.java:610)
	at org.testng.SuiteRunner.runTest(SuiteRunner.java:387)
	at org.testng.SuiteRunner.runSequentially(SuiteRunner.java:382)
	at org.testng.SuiteRunner.privateRun(SuiteRunner.java:340)
	at org.testng.SuiteRunner.run(SuiteRunner.java:289)
	at org.testng.SuiteRunnerWorker.runSuite(SuiteRunnerWorker.java:52)
	at org.testng.SuiteRunnerWorker.run(SuiteRunnerWorker.java:86)
	at org.testng.TestNG.runSuitesSequentially(TestNG.java:1293)
	at org.testng.TestNG.runSuitesSequentially(TestNG.java:1289)
	at org.testng.TestNG.runSuitesLocally(TestNG.java:1218)
	at org.testng.TestNG.runSuites(TestNG.java:1133)
	at org.testng.TestNG.run(TestNG.java:1104)
	at org.testng.remote.AbstractRemoteTestNG.run(AbstractRemoteTestNG.java:126)
	at org.testng.remote.RemoteTestNG.initAndRun(RemoteTestNG.java:152)
	at org.testng.remote.RemoteTestNG.main(RemoteTestNG.java:57)
</pre></div></td>
<td>0</td>
<td>com.test.automation.UIAutomation.tests.NewRequirementTest@3b938003</td></tr>
<tr>
<td title='com.test.automation.UIAutomation.tests.NewRequirementTest.fillRequirement()'><b>fillRequirement</b><br>Test class: com.test.automation.UIAutomation.tests.NewRequirementTest<br>Parameters: RIPL-India_QA10, QA10, Contract, Authorized to work in India, 45 Days, DSPML, Vanilla, Filled, 100, false, 01/03/2017, 01/03/2017, 01/03/2017, 10, 10, Rangam10, Gujarat, Ahmedabad, 390007, 10:00AM, 05:30PM, 9, 01/03/2017, 01/03/2017, Kedar B., Yogesh Solanki, true, true, Clinical/Scientific, Bank Of America, 10, 10, Monthly, Juhi Maheshwari, Software Tester,QA Engineer,QA Automation,Automation Testing,Performance Testing, Software Tester, QA Engineer, QA Automation, Automation Testing, subject10, n<br/>
<a href="#Output-1802736936" onClick='toggleBox("Output-1802736936", this, "Show output", "Hide output");'>Show output</a>

<a href="#Output-1802736936" onClick="toggleAllBoxes();">Show all outputs</a>
<div class='log' id="Output-1802736936">
<a href='D:\Java_Project\UIAutomation\Output\SKIPPED_fillRequirement_25_10_2017_07_30_21.png'> <img src='D:\Java_Project\UIAutomation\Output\SKIPPED_fillRequirement_25_10_2017_07_30_21.png' height='100' width='100'/> </a><br/>
</div>
</td>
<td><div><pre>org.testng.SkipException: Skipping this exception
	at com.test.automation.UIAutomation.tests.NewRequirementTest.fillRequirement(NewRequirementTest.java:104)
... Removed 26 stack frames</pre></div><a href='#' onClick='toggleBox("stack-trace1802736936", this, "Click to show all stack frames", "Click to hide stack frames")'>Click to show all stack frames</a>
<div class='stack-trace' id='stack-trace1802736936'><pre>org.testng.SkipException: Skipping this exception
	at com.test.automation.UIAutomation.tests.NewRequirementTest.fillRequirement(NewRequirementTest.java:104)
	at sun.reflect.NativeMethodAccessorImpl.invoke0(Native Method)
	at sun.reflect.NativeMethodAccessorImpl.invoke(NativeMethodAccessorImpl.java:62)
	at sun.reflect.DelegatingMethodAccessorImpl.invoke(DelegatingMethodAccessorImpl.java:43)
	at java.lang.reflect.Method.invoke(Method.java:498)
	at org.testng.internal.MethodInvocationHelper.invokeMethod(MethodInvocationHelper.java:104)
	at org.testng.internal.Invoker.invokeMethod(Invoker.java:645)
	at org.testng.internal.Invoker.invokeTestMethod(Invoker.java:851)
	at org.testng.internal.Invoker.invokeTestMethods(Invoker.java:1177)
	at org.testng.internal.TestMethodWorker.invokeTestMethods(TestMethodWorker.java:129)
	at org.testng.internal.TestMethodWorker.run(TestMethodWorker.java:112)
	at org.testng.TestRunner.privateRun(TestRunner.java:756)
	at org.testng.TestRunner.run(TestRunner.java:610)
	at org.testng.SuiteRunner.runTest(SuiteRunner.java:387)
	at org.testng.SuiteRunner.runSequentially(SuiteRunner.java:382)
	at org.testng.SuiteRunner.privateRun(SuiteRunner.java:340)
	at org.testng.SuiteRunner.run(SuiteRunner.java:289)
	at org.testng.SuiteRunnerWorker.runSuite(SuiteRunnerWorker.java:52)
	at org.testng.SuiteRunnerWorker.run(SuiteRunnerWorker.java:86)
	at org.testng.TestNG.runSuitesSequentially(TestNG.java:1293)
	at org.testng.TestNG.runSuitesSequentially(TestNG.java:1289)
	at org.testng.TestNG.runSuitesLocally(TestNG.java:1218)
	at org.testng.TestNG.runSuites(TestNG.java:1133)
	at org.testng.TestNG.run(TestNG.java:1104)
	at org.testng.remote.AbstractRemoteTestNG.run(AbstractRemoteTestNG.java:126)
	at org.testng.remote.RemoteTestNG.initAndRun(RemoteTestNG.java:152)
	at org.testng.remote.RemoteTestNG.main(RemoteTestNG.java:57)
</pre></div></td>
<td>0</td>
<td>com.test.automation.UIAutomation.tests.NewRequirementTest@3b938003</td></tr>
<tr>
<td title='com.test.automation.UIAutomation.tests.NewRequirementTest.login()'><b>login</b><br>Test class: com.test.automation.UIAutomation.tests.NewRequirementTest<br>Parameters: shaileshdesai@Rangam.com, rangam@123, n<br/>
<a href="#Output-2108440536" onClick='toggleBox("Output-2108440536", this, "Show output", "Hide output");'>Show output</a>

<a href="#Output-2108440536" onClick="toggleAllBoxes();">Show all outputs</a>
<div class='log' id="Output-2108440536">
<a href='D:\Java_Project\UIAutomation\Output\SKIPPED_login_25_10_2017_07_30_09.png'> <img src='D:\Java_Project\UIAutomation\Output\SKIPPED_login_25_10_2017_07_30_09.png' height='100' width='100'/> </a><br/>
</div>
</td>
<td><div><pre>org.testng.SkipException: Skipping this exception
	at com.test.automation.UIAutomation.tests.NewRequirementTest.login(NewRequirementTest.java:51)
... Removed 26 stack frames</pre></div><a href='#' onClick='toggleBox("stack-trace2108440536", this, "Click to show all stack frames", "Click to hide stack frames")'>Click to show all stack frames</a>
<div class='stack-trace' id='stack-trace2108440536'><pre>org.testng.SkipException: Skipping this exception
	at com.test.automation.UIAutomation.tests.NewRequirementTest.login(NewRequirementTest.java:51)
	at sun.reflect.NativeMethodAccessorImpl.invoke0(Native Method)
	at sun.reflect.NativeMethodAccessorImpl.invoke(NativeMethodAccessorImpl.java:62)
	at sun.reflect.DelegatingMethodAccessorImpl.invoke(DelegatingMethodAccessorImpl.java:43)
	at java.lang.reflect.Method.invoke(Method.java:498)
	at org.testng.internal.MethodInvocationHelper.invokeMethod(MethodInvocationHelper.java:104)
	at org.testng.internal.Invoker.invokeMethod(Invoker.java:645)
	at org.testng.internal.Invoker.invokeTestMethod(Invoker.java:851)
	at org.testng.internal.Invoker.invokeTestMethods(Invoker.java:1177)
	at org.testng.internal.TestMethodWorker.invokeTestMethods(TestMethodWorker.java:129)
	at org.testng.internal.TestMethodWorker.run(TestMethodWorker.java:112)
	at org.testng.TestRunner.privateRun(TestRunner.java:756)
	at org.testng.TestRunner.run(TestRunner.java:610)
	at org.testng.SuiteRunner.runTest(SuiteRunner.java:387)
	at org.testng.SuiteRunner.runSequentially(SuiteRunner.java:382)
	at org.testng.SuiteRunner.privateRun(SuiteRunner.java:340)
	at org.testng.SuiteRunner.run(SuiteRunner.java:289)
	at org.testng.SuiteRunnerWorker.runSuite(SuiteRunnerWorker.java:52)
	at org.testng.SuiteRunnerWorker.run(SuiteRunnerWorker.java:86)
	at org.testng.TestNG.runSuitesSequentially(TestNG.java:1293)
	at org.testng.TestNG.runSuitesSequentially(TestNG.java:1289)
	at org.testng.TestNG.runSuitesLocally(TestNG.java:1218)
	at org.testng.TestNG.runSuites(TestNG.java:1133)
	at org.testng.TestNG.run(TestNG.java:1104)
	at org.testng.remote.AbstractRemoteTestNG.run(AbstractRemoteTestNG.java:126)
	at org.testng.remote.RemoteTestNG.initAndRun(RemoteTestNG.java:152)
	at org.testng.remote.RemoteTestNG.main(RemoteTestNG.java:57)
</pre></div></td>
<td>0</td>
<td>com.test.automation.UIAutomation.tests.NewRequirementTest@3b938003</td></tr>
</table><p>
</body>
</html>